TN:
SF:/Users/jafar/Workspaces/enterprise/12imam/swarm/channel.js
FNF:0
FNH:0
DA:1,1
DA:13,1
LF:2
LH:2
BRF:0
BRH:0
end_of_record
TN:
SF:/Users/jafar/Workspaces/enterprise/12imam/swarm/discovery.js
FNF:0
FNH:0
DA:76,1
LF:1
LH:1
BRF:0
BRH:0
end_of_record
TN:
SF:/Users/jafar/Workspaces/enterprise/12imam/swarm/identity.js
FN:7,(anonymous_0)
FN:17,(anonymous_1)
FN:21,(anonymous_2)
FN:25,(anonymous_3)
FN:32,(anonymous_4)
FN:36,(anonymous_5)
FN:40,(anonymous_6)
FN:44,(anonymous_7)
FNF:8
FNH:8
FNDA:15,(anonymous_0)
FNDA:7,(anonymous_1)
FNDA:3,(anonymous_2)
FNDA:4,(anonymous_3)
FNDA:1,(anonymous_4)
FNDA:1,(anonymous_5)
FNDA:1,(anonymous_6)
FNDA:1,(anonymous_7)
DA:1,1
DA:2,1
DA:4,1
DA:8,15
DA:9,4
DA:10,4
DA:13,11
DA:14,11
DA:18,7
DA:22,3
DA:26,4
DA:27,4
DA:28,4
DA:29,4
DA:33,1
DA:37,1
DA:41,1
DA:45,1
DA:49,1
LF:19
LH:19
BRDA:8,0,0,4
BRDA:8,0,1,11
BRDA:8,1,0,15
BRDA:8,1,1,11
BRDA:14,2,0,11
BRDA:14,2,1,6
BRDA:14,3,0,6
BRDA:14,3,1,0
BRDA:26,4,0,4
BRDA:26,4,1,4
BRF:10
BRH:9
end_of_record
TN:
SF:/Users/jafar/Workspaces/enterprise/12imam/swarm/peer.js
FN:5,(anonymous_0)
FN:12,(anonymous_1)
FN:16,(anonymous_2)
FN:20,(anonymous_3)
FN:26,(anonymous_4)
FN:30,(anonymous_5)
FN:48,(anonymous_6)
FNF:7
FNH:5
FNDA:3,(anonymous_0)
FNDA:0,(anonymous_1)
FNDA:0,(anonymous_2)
FNDA:2,(anonymous_3)
FNDA:2,(anonymous_4)
FNDA:1,(anonymous_5)
FNDA:2,(anonymous_6)
DA:1,1
DA:2,1
DA:6,3
DA:7,3
DA:8,3
DA:9,3
DA:13,0
DA:17,0
DA:21,2
DA:22,2
DA:23,2
DA:27,2
DA:31,1
DA:32,1
DA:33,1
DA:34,1
DA:35,1
DA:36,1
DA:37,1
DA:39,0
DA:40,0
DA:45,0
DA:49,2
DA:50,2
DA:51,0
DA:54,2
DA:55,2
DA:59,1
LF:28
LH:22
BRDA:5,0,0,1
BRDA:5,1,0,1
BRDA:5,2,0,2
BRDA:13,3,0,0
BRDA:13,3,1,0
BRDA:17,4,0,0
BRDA:17,4,1,0
BRDA:21,5,0,2
BRDA:21,5,1,1
BRDA:34,6,0,1
BRDA:34,6,1,0
BRDA:50,7,0,0
BRDA:50,7,1,2
BRF:13
BRH:7
end_of_record
TN:
SF:/Users/jafar/Workspaces/enterprise/12imam/swarm/session.js
FN:7,(anonymous_0)
FN:16,(anonymous_1)
FN:21,(anonymous_2)
FN:27,(anonymous_3)
FN:31,(anonymous_4)
FN:40,(anonymous_5)
FN:53,(anonymous_6)
FN:54,(anonymous_7)
FN:65,(anonymous_8)
FNF:9
FNH:8
FNDA:2,(anonymous_0)
FNDA:2,(anonymous_1)
FNDA:2,(anonymous_2)
FNDA:0,(anonymous_3)
FNDA:2,(anonymous_4)
FNDA:2,(anonymous_5)
FNDA:2,(anonymous_6)
FNDA:2,(anonymous_7)
FNDA:2,(anonymous_8)
DA:1,1
DA:2,1
DA:3,1
DA:4,1
DA:8,2
DA:10,2
DA:11,2
DA:12,2
DA:13,2
DA:14,2
DA:16,2
DA:17,2
DA:18,2
DA:21,2
DA:22,2
DA:23,2
DA:28,0
DA:32,2
DA:33,2
DA:34,0
DA:37,2
DA:41,2
DA:43,2
DA:49,2
DA:50,0
DA:53,2
DA:54,2
DA:55,2
DA:56,2
DA:57,2
DA:58,2
DA:59,2
DA:66,2
DA:70,1
LF:34
LH:31
BRDA:7,0,0,1
BRDA:33,1,0,0
BRDA:33,1,1,2
BRDA:49,2,0,0
BRDA:49,2,1,2
BRDA:55,3,0,2
BRDA:55,3,1,0
BRF:7
BRH:4
end_of_record
TN:
SF:/Users/jafar/Workspaces/enterprise/12imam/swarm/swarm.js
FN:29,(anonymous_0)
FN:51,(anonymous_1)
FN:53,(anonymous_2)
FN:56,(anonymous_3)
FN:60,(anonymous_4)
FN:67,(anonymous_5)
FN:72,(anonymous_6)
FN:77,(anonymous_7)
FN:96,(anonymous_8)
FN:98,(anonymous_9)
FN:108,(anonymous_10)
FN:112,(anonymous_11)
FN:119,(anonymous_12)
FN:126,(anonymous_13)
FN:131,(anonymous_14)
FN:139,(anonymous_15)
FN:143,(anonymous_16)
FN:144,(anonymous_17)
FN:147,(anonymous_18)
FN:148,(anonymous_19)
FN:151,(anonymous_20)
FN:152,(anonymous_21)
FN:154,(anonymous_22)
FN:162,(anonymous_23)
FN:163,(anonymous_24)
FN:168,(anonymous_25)
FN:177,(anonymous_26)
FN:182,(anonymous_27)
FN:187,(anonymous_28)
FNF:29
FNH:28
FNDA:10,(anonymous_0)
FNDA:10,(anonymous_1)
FNDA:2,(anonymous_2)
FNDA:10,(anonymous_3)
FNDA:0,(anonymous_4)
FNDA:1,(anonymous_5)
FNDA:1,(anonymous_6)
FNDA:1,(anonymous_7)
FNDA:2,(anonymous_8)
FNDA:1,(anonymous_9)
FNDA:2,(anonymous_10)
FNDA:4,(anonymous_11)
FNDA:3,(anonymous_12)
FNDA:3,(anonymous_13)
FNDA:4,(anonymous_14)
FNDA:3,(anonymous_15)
FNDA:4,(anonymous_16)
FNDA:2,(anonymous_17)
FNDA:3,(anonymous_18)
FNDA:2,(anonymous_19)
FNDA:4,(anonymous_20)
FNDA:1,(anonymous_21)
FNDA:1,(anonymous_22)
FNDA:3,(anonymous_23)
FNDA:3,(anonymous_24)
FNDA:2,(anonymous_25)
FNDA:2,(anonymous_26)
FNDA:3,(anonymous_27)
FNDA:4,(anonymous_28)
DA:1,1
DA:2,1
DA:3,1
DA:4,1
DA:5,1
DA:6,1
DA:7,1
DA:8,1
DA:9,1
DA:38,10
DA:40,10
DA:41,10
DA:43,10
DA:44,10
DA:46,10
DA:47,10
DA:52,10
DA:53,10
DA:57,10
DA:59,10
DA:60,1
DA:61,1
DA:62,0
DA:64,1
DA:67,10
DA:68,1
DA:73,1
DA:74,1
DA:78,1
DA:79,0
DA:82,1
DA:83,0
DA:87,1
DA:88,1
DA:90,0
DA:93,1
DA:97,2
DA:98,2
DA:99,1
DA:100,1
DA:101,1
DA:102,1
DA:103,1
DA:105,2
DA:109,2
DA:113,4
DA:114,4
DA:115,4
DA:121,3
DA:122,3
DA:123,3
DA:127,3
DA:128,3
DA:132,4
DA:133,1
DA:135,3
DA:140,3
DA:144,4
DA:148,3
DA:152,4
DA:153,1
DA:154,1
DA:155,1
DA:156,1
DA:157,1
DA:163,3
DA:165,3
DA:169,2
DA:170,0
DA:173,2
DA:174,2
DA:178,2
DA:179,2
DA:183,3
DA:184,3
DA:188,4
DA:189,1
DA:192,3
DA:195,3
DA:196,3
DA:198,0
DA:201,3
DA:205,1
LF:83
LH:77
BRDA:29,0,0,8
BRDA:30,1,0,10
BRDA:31,2,0,10
BRDA:32,3,0,10
BRDA:33,4,0,9
BRDA:34,5,0,10
BRDA:35,6,0,8
BRDA:36,7,0,10
BRDA:51,8,0,0
BRDA:56,9,0,0
BRDA:56,10,0,0
BRDA:59,11,0,1
BRDA:59,11,1,9
BRDA:59,12,0,10
BRDA:59,12,1,10
BRDA:61,13,0,0
BRDA:61,13,1,1
BRDA:62,14,0,0
BRDA:62,14,1,0
BRDA:78,15,0,0
BRDA:78,15,1,1
BRDA:82,16,0,0
BRDA:82,16,1,1
BRDA:132,17,0,1
BRDA:132,17,1,3
BRDA:169,18,0,0
BRDA:169,18,1,2
BRDA:188,19,0,1
BRDA:188,19,1,3
BRF:29
BRH:20
end_of_record
TN:
SF:/Users/jafar/Workspaces/enterprise/12imam/swarm/channel/tcp.js
FN:7,(anonymous_0)
FN:14,(anonymous_1)
FN:18,(anonymous_2)
FN:22,(anonymous_3)
FN:24,(anonymous_4)
FN:29,(anonymous_5)
FN:30,(anonymous_6)
FN:38,(anonymous_7)
FN:44,(anonymous_8)
FN:45,(anonymous_9)
FN:52,(anonymous_10)
FN:58,(anonymous_11)
FNF:12
FNH:12
FNDA:5,(anonymous_0)
FNDA:2,(anonymous_1)
FNDA:2,(anonymous_2)
FNDA:3,(anonymous_3)
FNDA:1,(anonymous_4)
FNDA:3,(anonymous_5)
FNDA:3,(anonymous_6)
FNDA:1,(anonymous_7)
FNDA:1,(anonymous_8)
FNDA:1,(anonymous_9)
FNDA:3,(anonymous_10)
FNDA:3,(anonymous_11)
DA:1,1
DA:2,1
DA:3,1
DA:4,1
DA:8,5
DA:10,5
DA:11,5
DA:15,2
DA:19,2
DA:23,3
DA:24,3
DA:25,1
DA:26,1
DA:29,3
DA:30,3
DA:31,3
DA:32,3
DA:34,3
DA:39,1
DA:40,1
DA:41,1
DA:42,1
DA:44,1
DA:45,1
DA:46,1
DA:49,1
DA:53,3
DA:54,3
DA:55,0
DA:58,3
DA:59,3
DA:60,3
DA:65,1
LF:33
LH:32
BRDA:7,0,0,2
BRDA:7,1,0,3
BRDA:7,2,0,5
BRDA:19,3,0,1
BRDA:19,3,1,1
BRDA:54,4,0,0
BRDA:54,4,1,3
BRF:7
BRH:6
end_of_record
TN:
SF:/Users/jafar/Workspaces/enterprise/12imam/swarm/discovery/boot.js
FN:4,(anonymous_0)
FN:10,(anonymous_1)
FN:11,(anonymous_2)
FNF:3
FNH:3
FNDA:3,(anonymous_0)
FNDA:2,(anonymous_1)
FNDA:4,(anonymous_2)
DA:1,1
DA:5,3
DA:7,3
DA:11,4
DA:15,1
LF:5
LH:5
BRF:0
BRH:0
end_of_record
TN:
SF:/Users/jafar/Workspaces/enterprise/12imam/swarm/helpers/debug.js
FN:1,debug
FNF:1
FNH:1
FNDA:15,debug
DA:2,15
DA:3,0
DA:5,15
DA:6,15
DA:7,15
DA:9,15
DA:12,1
DA:14,1
LF:8
LH:7
BRDA:2,0,0,0
BRDA:2,0,1,15
BRF:2
BRH:1
end_of_record
TN:
SF:/Users/jafar/Workspaces/enterprise/12imam/swarm/storage/memory.js
FN:2,(anonymous_0)
FN:6,(anonymous_1)
FN:10,(anonymous_2)
FN:14,(anonymous_3)
FN:18,(anonymous_4)
FNF:5
FNH:4
FNDA:12,(anonymous_0)
FNDA:3,(anonymous_1)
FNDA:1,(anonymous_2)
FNDA:3,(anonymous_3)
FNDA:0,(anonymous_4)
DA:3,12
DA:7,3
DA:11,1
DA:15,3
DA:19,0
DA:23,1
LF:6
LH:5
BRF:0
BRH:0
end_of_record
